<?xml version="1.0"?>
<component name="org.nuxeo.ecm.platform.notification.test.listener.config">

  <require>org.nuxeo.ecm.platform.notification.stream.listener</require>

  <extension target="org.nuxeo.ecm.core.event.EventServiceComponent" point="listener">
    <listener name="eventsStreamListener" async="true" postCommit="true"
              class="org.nuxeo.ecm.platform.notification.listener.EventsStreamListener">
      <event>documentCreated</event>
      <event>documentModified</event>
      <event>randomEvent</event>
    </listener>
  </extension>>
</component>
